2025-10-30 07:12:51,803 [INFO] Activator:176 - 


2025-10-30 07:12:51,809 [INFO] Activator:177 - !SESSION log4j initialized
2025-10-30 07:12:58,925 [INFO] LogOutputStream:77 - [STDOUT_REDIRECT] 
2025-10-30 07:13:00,189 [INFO] ApplicationProperties:184 - Using Application install path: C:\ST\STM32CubeIDE_1.19.0\STM32CubeIDE\plugins\com.st.stm32cube.common.mx_6.15.0.202507011659
2025-10-30 07:13:00,213 [INFO] DbMcusXml:78 - Set database path to: C:\ST\STM32CubeIDE_1.19.0\STM32CubeIDE\plugins\com.st.stm32cube.common.mx_6.15.0.202507011659\\db\/mcu/
2025-10-30 07:13:00,213 [INFO] ApiDb:274 - Set plugin database path to: C:\ST\STM32CubeIDE_1.19.0\STM32CubeIDE\plugins\com.st.stm32cube.common.mx_6.15.0.202507011659\\db\/plugins/boardmanager/
2025-10-30 07:13:00,213 [WARN] ApiDb:259 - Overriding images path with different value:  => C:\ST\STM32CubeIDE_1.19.0\STM32CubeIDE\plugins\com.st.stm32cube.common.mx_6.15.0.202507011659\\db\/plugins/mcufinder/images/
2025-10-30 07:13:00,229 [INFO] ApiDb:250 - Set database path to: C:\Users\jiperez\.stmcufinder\plugins\mcufinder//mcu/
2025-10-30 07:13:00,231 [INFO] DbMcusAds:125 - Set database path to: C:\Users\jiperez\.stmcufinder\plugins\mcufinder//mcu/
2025-10-30 07:13:00,233 [INFO] CrossReferenceDbSqlite:203 - Set database path to: C:\Users\jiperez\.stmcufinder\plugins\mcufinder//mcu/cs/
2025-10-30 07:13:00,364 [INFO] RulesReader:64 - Compatibility file has been processed (317 Rules)
2025-10-30 07:13:00,479 [INFO] DbMcusXml:78 - Set database path to: C:\ST\STM32CubeIDE_1.19.0\STM32CubeIDE\plugins\com.st.stm32cube.common.mx_6.15.0.202507011659\\db\/mcu/
2025-10-30 07:13:00,479 [INFO] ApiDb:274 - Set plugin database path to: C:\ST\STM32CubeIDE_1.19.0\STM32CubeIDE\plugins\com.st.stm32cube.common.mx_6.15.0.202507011659\\db\/plugins/boardmanager/
2025-10-30 07:13:00,479 [INFO] ApiDb:261 - Set plugin images path to: C:\ST\STM32CubeIDE_1.19.0\STM32CubeIDE\plugins\com.st.stm32cube.common.mx_6.15.0.202507011659\\db\/plugins/mcufinder/images/
2025-10-30 07:13:00,479 [WARN] DbFile:41 - Overriding database path with different value: C:\Users\jiperez\.stmcufinder\plugins\mcufinder/ => C:\Users\jiperez\.stmcufinder\plugins\mcufinder
2025-10-30 07:13:00,479 [INFO] ApiDb:250 - Set database path to: C:\Users\jiperez\.stmcufinder\plugins\mcufinder//mcu/
2025-10-30 07:13:00,479 [WARN] DbFile:41 - Overriding database path with different value: C:\Users\jiperez\.stmcufinder\plugins\mcufinder/ => C:\Users\jiperez\.stmcufinder\plugins\mcufinder
2025-10-30 07:13:00,479 [INFO] DbMcusAds:125 - Set database path to: C:\Users\jiperez\.stmcufinder\plugins\mcufinder//mcu/
2025-10-30 07:13:00,479 [WARN] DbFile:41 - Overriding database path with different value: C:\Users\jiperez\.stmcufinder\plugins\mcufinder/ => C:\Users\jiperez\.stmcufinder\plugins\mcufinder
2025-10-30 07:13:00,479 [WARN] DbFile:41 - Overriding database path with different value: C:\Users\jiperez\.stmcufinder\plugins\mcufinder/ => C:\Users\jiperez\.stmcufinder\plugins\mcufinder
2025-10-30 07:13:00,479 [INFO] CrossReferenceDbSqlite:203 - Set database path to: C:\Users\jiperez\.stmcufinder\plugins\mcufinder//mcu/cs/
2025-10-30 07:13:00,577 [INFO] MainPanel:274 - HeapMemory: 268435456
2025-10-30 07:13:00,728 [INFO] DbMcusXml:78 - Set database path to: C:\ST\STM32CubeIDE_1.19.0\STM32CubeIDE\plugins\com.st.stm32cube.common.mx_6.15.0.202507011659\\db\/mcu/
2025-10-30 07:13:00,728 [INFO] ApiDb:274 - Set plugin database path to: C:\ST\STM32CubeIDE_1.19.0\STM32CubeIDE\plugins\com.st.stm32cube.common.mx_6.15.0.202507011659\\db\/plugins/boardmanager/
2025-10-30 07:13:00,728 [INFO] ApiDb:261 - Set plugin images path to: C:\ST\STM32CubeIDE_1.19.0\STM32CubeIDE\plugins\com.st.stm32cube.common.mx_6.15.0.202507011659\\db\/plugins/mcufinder/images/
2025-10-30 07:13:00,728 [WARN] DbFile:41 - Overriding database path with different value: C:\Users\jiperez\.stmcufinder\plugins\mcufinder/ => C:\Users\jiperez\.stmcufinder\plugins\mcufinder
2025-10-30 07:13:00,728 [INFO] ApiDb:250 - Set database path to: C:\Users\jiperez\.stmcufinder\plugins\mcufinder//mcu/
2025-10-30 07:13:00,728 [WARN] DbFile:41 - Overriding database path with different value: C:\Users\jiperez\.stmcufinder\plugins\mcufinder/ => C:\Users\jiperez\.stmcufinder\plugins\mcufinder
2025-10-30 07:13:00,728 [INFO] DbMcusAds:125 - Set database path to: C:\Users\jiperez\.stmcufinder\plugins\mcufinder//mcu/
2025-10-30 07:13:00,728 [WARN] DbFile:41 - Overriding database path with different value: C:\Users\jiperez\.stmcufinder\plugins\mcufinder/ => C:\Users\jiperez\.stmcufinder\plugins\mcufinder
2025-10-30 07:13:00,728 [WARN] DbFile:41 - Overriding database path with different value: C:\Users\jiperez\.stmcufinder\plugins\mcufinder/ => C:\Users\jiperez\.stmcufinder\plugins\mcufinder
2025-10-30 07:13:00,728 [INFO] CrossReferenceDbSqlite:203 - Set database path to: C:\Users\jiperez\.stmcufinder\plugins\mcufinder//mcu/cs/
2025-10-30 07:13:00,759 [INFO] ApplicationProperties:184 - Using Application install path: C:\ST\STM32CubeIDE_1.19.0\STM32CubeIDE\plugins\com.st.stm32cube.common.mx_6.15.0.202507011659
2025-10-30 07:13:00,759 [INFO] PluginManage:196 - Search for loadable plugins [exclusion list=, ]
2025-10-30 07:13:00,759 [INFO] PluginManage:310 - Check plugin analytics
2025-10-30 07:13:01,004 [INFO] AnalyticsPlugin:253 - Accepted Software Licenses: 
2025-10-30 07:13:01,004 [INFO] AnalyticsPlugin:255 - Accepted CMSIS Pack Licenses: 
2025-10-30 07:13:01,004 [INFO] AnalyticsPlugin:257 - Accepted Firmware Licenses: 
2025-10-30 07:13:01,019 [INFO] PluginManage:359 - Loaded plugin analytics (category:tool,tabindex:-1)
2025-10-30 07:13:01,019 [INFO] PluginManage:310 - Check plugin cadmodel
2025-10-30 07:13:01,050 [INFO] CADModel:105 - Init CAD model plugin
2025-10-30 07:13:01,050 [INFO] PluginManage:359 - Loaded plugin cadmodel (category:power,tabindex:5)
2025-10-30 07:13:01,050 [INFO] PluginManage:310 - Check plugin clock
2025-10-30 07:13:01,071 [INFO] PluginManage:359 - Loaded plugin clock (category:base,tabindex:2)
2025-10-30 07:13:01,071 [INFO] PluginManage:310 - Check plugin ddr
2025-10-30 07:13:01,080 [INFO] PluginManage:359 - Loaded plugin ddr (category:tool,tabindex:6)
2025-10-30 07:13:01,080 [INFO] PluginManage:310 - Check plugin filemanager
2025-10-30 07:13:01,199 [INFO] PluginManage:359 - Loaded plugin filemanager (category:base,tabindex:10)
2025-10-30 07:13:01,199 [INFO] PluginManage:310 - Check plugin ipmanager
2025-10-30 07:13:01,215 [INFO] PluginManage:359 - Loaded plugin ipmanager (category:base,tabindex:5)
2025-10-30 07:13:01,215 [INFO] PluginManage:310 - Check plugin lpbam
2025-10-30 07:13:01,230 [INFO] PluginManage:359 - Loaded plugin lpbam (category:base,tabindex:0)
2025-10-30 07:13:01,230 [INFO] PluginManage:310 - Check plugin memorymap
2025-10-30 07:13:01,246 [INFO] PluginManage:359 - Loaded plugin memorymap (category:base,tabindex:4)
2025-10-30 07:13:01,246 [INFO] PluginManage:310 - Check plugin pinoutandconfiguration
2025-10-30 07:13:01,288 [INFO] PluginManage:359 - Loaded plugin pinoutandconfiguration (category:base,tabindex:1)
2025-10-30 07:13:01,288 [INFO] PluginManage:310 - Check plugin pinoutconfig
2025-10-30 07:13:01,388 [WARN] SupportedApi:132 - Cannot load RTOS API schema: s4s-elt-must-match.1: The content of 'definitions' must match (annotation?, (simpleType | complexType)?, (unique | key | keyref)*)). A problem was found starting at: attribute.
2025-10-30 07:13:01,530 [INFO] PluginManage:359 - Loaded plugin pinoutconfig (category:base,tabindex:0)
2025-10-30 07:13:01,530 [INFO] PluginManage:310 - Check plugin power
2025-10-30 07:13:01,623 [INFO] PluginManage:359 - Loaded plugin power (category:power,tabindex:4)
2025-10-30 07:13:01,623 [INFO] PluginManage:310 - Check plugin projectmanager
2025-10-30 07:13:01,637 [INFO] PluginManage:359 - Loaded plugin projectmanager (category:projectmanager,tabindex:4)
2025-10-30 07:13:01,637 [INFO] PluginManage:310 - Check plugin rif
2025-10-30 07:13:01,669 [INFO] PluginManage:359 - Loaded plugin rif (category:base,tabindex:3)
2025-10-30 07:13:01,669 [INFO] PluginManage:310 - Check plugin thirdparty
2025-10-30 07:13:01,854 [INFO] PluginManage:359 - Loaded plugin thirdparty (category:base,tabindex:-1)
2025-10-30 07:13:01,854 [WARN] IntegrityCheckThread:84 - waiting for thirdparty lock release [integrity check]
2025-10-30 07:13:01,854 [INFO] IntegrityCheckThread:86 - entering critical section [integrity check]
2025-10-30 07:13:01,854 [INFO] PluginManage:310 - Check plugin tools
2025-10-30 07:13:01,856 [INFO] ThirdPartyUpdaterWithRetryManager:70 - Updater plugin not ready yet. [1/15]
2025-10-30 07:13:01,859 [INFO] PluginManage:359 - Loaded plugin tools (category:base,tabindex:7)
2025-10-30 07:13:01,859 [INFO] PluginManage:310 - Check plugin tutovideos
2025-10-30 07:13:02,047 [INFO] PluginManage:359 - Loaded plugin tutovideos (category:base,tabindex:-1)
2025-10-30 07:13:02,047 [INFO] PluginManage:310 - Check plugin updater
2025-10-30 07:13:02,065 [INFO] PluginManage:359 - Loaded plugin updater (category:base,tabindex:12)
2025-10-30 07:13:02,065 [INFO] PluginManage:310 - Check plugin userauth
2025-10-30 07:13:02,069 [INFO] UserAuth:118 - Init User Auth plugin
2025-10-30 07:13:02,069 [INFO] PluginManage:359 - Loaded plugin userauth (category:base,tabindex:14)
2025-10-30 07:13:02,069 [INFO] PluginManage:283 - PluginManage : Loaded plugins [18]
2025-10-30 07:13:02,310 [INFO] PinOutPanel:1589 - setPackage(No Configuration,No Configuration)
2025-10-30 07:13:02,407 [INFO] CADModel:165 - CPN selected for project level
2025-10-30 07:13:02,407 [INFO] CADModel:114 - Register for checkConnection events
2025-10-30 07:13:02,423 [INFO] IPUIPlugin:80 - create IPUIPlugin
2025-10-30 07:13:02,423 [INFO] PluginManager:220 - loadIPPluginJar : add adc
2025-10-30 07:13:02,423 [INFO] IPUIPlugin:80 - create IPUIPlugin
2025-10-30 07:13:02,423 [INFO] PluginManager:220 - loadIPPluginJar : add aes
2025-10-30 07:13:02,439 [INFO] IPUIPlugin:80 - create IPUIPlugin
2025-10-30 07:13:02,439 [INFO] PluginManager:220 - loadIPPluginJar : add can
2025-10-30 07:13:02,439 [INFO] IPUIPlugin:80 - create IPUIPlugin
2025-10-30 07:13:02,439 [INFO] PluginManager:220 - loadIPPluginJar : add comp
2025-10-30 07:13:02,439 [INFO] IPUIPlugin:80 - create IPUIPlugin
2025-10-30 07:13:02,439 [INFO] PluginManager:220 - loadIPPluginJar : add cryp
2025-10-30 07:13:02,459 [INFO] IPUIPlugin:80 - create IPUIPlugin
2025-10-30 07:13:02,459 [INFO] PluginManager:220 - loadIPPluginJar : add ddr_ctrl_phy
2025-10-30 07:13:02,467 [INFO] IPUIPlugin:80 - create IPUIPlugin
2025-10-30 07:13:02,467 [INFO] PluginManager:220 - loadIPPluginJar : add dfsdm
2025-10-30 07:13:02,475 [INFO] IPUIPlugin:80 - create IPUIPlugin
2025-10-30 07:13:02,475 [INFO] PluginManager:220 - loadIPPluginJar : add dma
2025-10-30 07:13:02,475 [INFO] IPUIPlugin:80 - create IPUIPlugin
2025-10-30 07:13:02,475 [INFO] PluginManager:220 - loadIPPluginJar : add dma3
2025-10-30 07:13:02,489 [INFO] IPUIPlugin:80 - create IPUIPlugin
2025-10-30 07:13:02,489 [INFO] PluginManager:220 - loadIPPluginJar : add extmemmanager
2025-10-30 07:13:02,489 [INFO] IPUIPlugin:80 - create IPUIPlugin
2025-10-30 07:13:02,489 [INFO] PluginManager:220 - loadIPPluginJar : add fatfs
2025-10-30 07:13:02,502 [INFO] IPUIPlugin:80 - create IPUIPlugin
2025-10-30 07:13:02,502 [INFO] PluginManager:220 - loadIPPluginJar : add fmc
2025-10-30 07:13:02,523 [INFO] IPUIPlugin:80 - create IPUIPlugin
2025-10-30 07:13:02,523 [INFO] PluginManager:220 - loadIPPluginJar : add freertos
2025-10-30 07:13:02,527 [INFO] IPUIPlugin:80 - create IPUIPlugin
2025-10-30 07:13:02,527 [INFO] PluginManager:220 - loadIPPluginJar : add genericplugin
2025-10-30 07:13:02,534 [INFO] IPUIPlugin:80 - create IPUIPlugin
2025-10-30 07:13:02,534 [INFO] PluginManager:220 - loadIPPluginJar : add gfxmmu
2025-10-30 07:13:02,534 [INFO] IPUIPlugin:80 - create IPUIPlugin
2025-10-30 07:13:02,534 [INFO] PluginManager:220 - loadIPPluginJar : add gic
2025-10-30 07:13:02,550 [INFO] IPUIPlugin:80 - create IPUIPlugin
2025-10-30 07:13:02,550 [INFO] PluginManager:220 - loadIPPluginJar : add gpio
2025-10-30 07:13:02,556 [INFO] IPUIPlugin:80 - create IPUIPlugin
2025-10-30 07:13:02,556 [INFO] PluginManager:220 - loadIPPluginJar : add gtzc
2025-10-30 07:13:02,561 [INFO] IPUIPlugin:80 - create IPUIPlugin
2025-10-30 07:13:02,561 [INFO] PluginManager:220 - loadIPPluginJar : add hash
2025-10-30 07:13:02,567 [INFO] IPUIPlugin:80 - create IPUIPlugin
2025-10-30 07:13:02,567 [INFO] PluginManager:220 - loadIPPluginJar : add i2c
2025-10-30 07:13:02,567 [INFO] IPUIPlugin:80 - create IPUIPlugin
2025-10-30 07:13:02,567 [INFO] PluginManager:220 - loadIPPluginJar : add i2s
2025-10-30 07:13:02,581 [INFO] IPUIPlugin:80 - create IPUIPlugin
2025-10-30 07:13:02,581 [INFO] PluginManager:220 - loadIPPluginJar : add i3c
2025-10-30 07:13:02,587 [INFO] IPUIPlugin:80 - create IPUIPlugin
2025-10-30 07:13:02,587 [INFO] PluginManager:220 - loadIPPluginJar : add ipddr
2025-10-30 07:13:02,597 [INFO] IPUIPlugin:80 - create IPUIPlugin
2025-10-30 07:13:02,597 [INFO] PluginManager:220 - loadIPPluginJar : add linkedlist
2025-10-30 07:13:02,603 [INFO] IPUIPlugin:80 - create IPUIPlugin
2025-10-30 07:13:02,603 [INFO] PluginManager:220 - loadIPPluginJar : add lorawan
2025-10-30 07:13:02,607 [INFO] IPUIPlugin:80 - create IPUIPlugin
2025-10-30 07:13:02,607 [INFO] PluginManager:220 - loadIPPluginJar : add ltdc
2025-10-30 07:13:02,617 [INFO] IPUIPlugin:80 - create IPUIPlugin
2025-10-30 07:13:02,617 [INFO] PluginManager:220 - loadIPPluginJar : add mdma
2025-10-30 07:13:02,625 [INFO] IPUIPlugin:80 - create IPUIPlugin
2025-10-30 07:13:02,625 [INFO] PluginManager:220 - loadIPPluginJar : add nvic
2025-10-30 07:13:02,630 [INFO] IPUIPlugin:80 - create IPUIPlugin
2025-10-30 07:13:02,630 [INFO] PluginManager:220 - loadIPPluginJar : add opamp
2025-10-30 07:13:02,636 [INFO] IPUIPlugin:80 - create IPUIPlugin
2025-10-30 07:13:02,636 [INFO] PluginManager:220 - loadIPPluginJar : add openamp
2025-10-30 07:13:02,640 [INFO] IPUIPlugin:80 - create IPUIPlugin
2025-10-30 07:13:02,640 [INFO] PluginManager:220 - loadIPPluginJar : add pdm2pcm
2025-10-30 07:13:02,650 [INFO] IPUIPlugin:80 - create IPUIPlugin
2025-10-30 07:13:02,652 [INFO] PluginManager:220 - loadIPPluginJar : add plateformsettings
2025-10-30 07:13:02,656 [INFO] IPUIPlugin:80 - create IPUIPlugin
2025-10-30 07:13:02,656 [INFO] PluginManager:220 - loadIPPluginJar : add quadspi
2025-10-30 07:13:02,660 [INFO] IPUIPlugin:80 - create IPUIPlugin
2025-10-30 07:13:02,662 [INFO] PluginManager:220 - loadIPPluginJar : add radio
2025-10-30 07:13:02,674 [INFO] IPUIPlugin:80 - create IPUIPlugin
2025-10-30 07:13:02,674 [INFO] PluginManager:220 - loadIPPluginJar : add resmgrutility
2025-10-30 07:13:02,679 [INFO] IPUIPlugin:80 - create IPUIPlugin
2025-10-30 07:13:02,679 [INFO] PluginManager:220 - loadIPPluginJar : add sai
2025-10-30 07:13:02,685 [INFO] IPUIPlugin:80 - create IPUIPlugin
2025-10-30 07:13:02,685 [INFO] PluginManager:220 - loadIPPluginJar : add spi
2025-10-30 07:13:02,691 [INFO] IPUIPlugin:80 - create IPUIPlugin
2025-10-30 07:13:02,691 [INFO] PluginManager:220 - loadIPPluginJar : add stm32_wpan
2025-10-30 07:13:02,691 [INFO] IPUIPlugin:80 - create IPUIPlugin
2025-10-30 07:13:02,691 [INFO] PluginManager:220 - loadIPPluginJar : add tim
2025-10-30 07:13:02,707 [INFO] IPUIPlugin:80 - create IPUIPlugin
2025-10-30 07:13:02,707 [INFO] PluginManager:220 - loadIPPluginJar : add touchsensing
2025-10-30 07:13:02,707 [INFO] IPUIPlugin:80 - create IPUIPlugin
2025-10-30 07:13:02,707 [INFO] PluginManager:220 - loadIPPluginJar : add tracer_emb
2025-10-30 07:13:02,717 [INFO] IPUIPlugin:80 - create IPUIPlugin
2025-10-30 07:13:02,717 [INFO] PluginManager:220 - loadIPPluginJar : add ts
2025-10-30 07:13:02,721 [INFO] IPUIPlugin:80 - create IPUIPlugin
2025-10-30 07:13:02,721 [INFO] PluginManager:220 - loadIPPluginJar : add tsc
2025-10-30 07:13:02,727 [INFO] IPUIPlugin:80 - create IPUIPlugin
2025-10-30 07:13:02,727 [INFO] PluginManager:220 - loadIPPluginJar : add ucpd
2025-10-30 07:13:02,733 [INFO] IPUIPlugin:80 - create IPUIPlugin
2025-10-30 07:13:02,733 [INFO] PluginManager:220 - loadIPPluginJar : add usart
2025-10-30 07:13:02,739 [INFO] IPUIPlugin:80 - create IPUIPlugin
2025-10-30 07:13:02,739 [INFO] PluginManager:220 - loadIPPluginJar : add usbx
2025-10-30 07:13:02,864 [FATAL] Updater:351 - Updater called before beeing initialized
2025-10-30 07:13:02,880 [INFO] RulesReader:64 - Compatibility file has been processed (317 Rules)
2025-10-30 07:13:02,895 [INFO] RulesReader:64 - Compatibility file has been processed (317 Rules)
2025-10-30 07:13:02,895 [INFO] CADModel:165 - CPN selected for project level
2025-10-30 07:13:02,895 [INFO] CADModel:114 - Register for checkConnection events
2025-10-30 07:13:02,895 [FATAL] Updater:351 - Updater called before beeing initialized
2025-10-30 07:13:02,895 [ERROR] CADModel:125 - Updater not yet initialized, retry later 
2025-10-30 07:13:03,044 [FATAL] Updater:351 - Updater called before beeing initialized
2025-10-30 07:13:03,051 [INFO] CADModel:165 - CPN selected for project level
2025-10-30 07:13:03,051 [INFO] CADModel:114 - Register for checkConnection events
2025-10-30 07:13:03,051 [FATAL] Updater:351 - Updater called before beeing initialized
2025-10-30 07:13:03,051 [ERROR] CADModel:125 - Updater not yet initialized, retry later 
2025-10-30 07:13:03,053 [FATAL] Updater:351 - Updater called before beeing initialized
2025-10-30 07:13:03,160 [FATAL] Updater:351 - Updater called before beeing initialized
2025-10-30 07:13:03,161 [INFO] DbMcusAds:53 - JSON generation date=Thu Oct 02 02:36:05 MST 2025 (1759397765645)
2025-10-30 07:13:03,161 [FATAL] Updater:351 - Updater called before beeing initialized
2025-10-30 07:13:03,224 [WARN] DetailPanel:346 - Failed to get advertising image, set to default
2025-10-30 07:13:03,346 [FATAL] Updater:351 - Updater called before beeing initialized
2025-10-30 07:13:03,348 [FATAL] Updater:351 - Updater called before beeing initialized
2025-10-30 07:13:03,348 [FATAL] Updater:351 - Updater called before beeing initialized
2025-10-30 07:13:03,348 [WARN] DetailPanel:346 - Failed to get advertising image, set to default
2025-10-30 07:13:03,348 [FATAL] Updater:351 - Updater called before beeing initialized
2025-10-30 07:13:03,403 [ERROR] Updater:1198 - MainUpdater not yet initialized. External WinMGr cannot be set.
2025-10-30 07:13:03,409 [INFO] Updater:1134 - Updater Version found : 6.15.0
2025-10-30 07:13:03,423 [INFO] ApplicationProperties:184 - Using Application install path: C:\ST\STM32CubeIDE_1.19.0\STM32CubeIDE\plugins\com.st.stm32cube.common.mx_6.15.0.202507011659
2025-10-30 07:13:04,863 [INFO] ThirdPartyUpdaterWithRetryManager:70 - Updater plugin not ready yet. [2/15]
2025-10-30 07:13:05,036 [ERROR] LogOutputStream:75 - [STDERR_REDIRECT] Oct 30, 2025 7:13:05 AM java.util.prefs.WindowsPreferences <init>
2025-10-30 07:13:05,039 [ERROR] LogOutputStream:75 - [STDERR_REDIRECT] WARNING: Could not open/create prefs root node Software\JavaSoft\Prefs at root 0xffffffff80000002. Windows RegCreateKeyEx(...) returned error code 5.
2025-10-30 07:13:05,039 [ERROR] LogOutputStream:75 - [STDERR_REDIRECT] 
2025-10-30 07:13:05,409 [INFO] MainUpdater:2872 - connection check result : 10
2025-10-30 07:13:05,409 [INFO] MainUpdater:289 - Updater Check For Update Now.
2025-10-30 07:13:05,409 [INFO] MicroXplorer:498 - Change Database Version : DB.6.0.150
2025-10-30 07:13:05,425 [INFO] McuFinderGlobals:63 - Set McuFinder mode to 2 (CubeIDE integrated)
2025-10-30 07:13:05,433 [INFO] UserAuth:171 - activating auth plugin
2025-10-30 07:13:05,435 [INFO] UserAuth:487 - Internet connection configuration mode: 1
2025-10-30 07:13:05,466 [INFO] JxBrowserEngine:152 - Initiate JxBrowser Engine with user profile folder
2025-10-30 07:13:05,629 [INFO] CheckServerUpdateThread:120 - End of CheckServer Thread
2025-10-30 07:13:08,278 [WARN] PackLoader:240 - Cannot read IP mode file for STMicroelectronics.FP-SNS-MOTENVWB1.1.4.0
2025-10-30 07:13:08,294 [WARN] PackLoader:240 - Cannot read IP mode file for STMicroelectronics.FP-ATR-ASTRA1.2.0.2
2025-10-30 07:13:08,447 [WARN] PackLoader:240 - Cannot read IP mode file for STMicroelectronics.X-CUBE-SMBUS.2.1.0
2025-10-30 07:13:08,462 [WARN] PackLoader:240 - Cannot read IP mode file for STMicroelectronics.X-CUBE-ST60.1.0.0
2025-10-30 07:13:08,521 [WARN] PackLoader:240 - Cannot read IP mode file for STMicroelectronics.X-CUBE-AZRTOS-F7.1.1.0
2025-10-30 07:13:08,551 [WARN] PackLoader:240 - Cannot read IP mode file for Cesanta.I-CUBE-Mongoose.7.19.0
2025-10-30 07:13:08,561 [WARN] PackLoader:240 - Cannot read IP mode file for STMicroelectronics.FP-SNS-MOTENV1.5.1.0
2025-10-30 07:13:08,580 [WARN] PackLoader:240 - Cannot read IP mode file for WES.I-CUBE-Cesium.1.4.0
2025-10-30 07:13:08,648 [WARN] PackLoader:240 - Cannot read IP mode file for Infineon.AIROC-Wi-Fi-Bluetooth-STM32.1.7.1
2025-10-30 07:13:08,723 [WARN] PackLoader:240 - Cannot read IP mode file for STMicroelectronics.X-CUBE-AZRTOS-H7.3.4.0
2025-10-30 07:13:08,745 [WARN] PackLoader:240 - Cannot read IP mode file for STMicroelectronics.X-CUBE-DISPLAY.3.0.0
2025-10-30 07:13:08,765 [WARN] PackLoader:240 - Cannot read IP mode file for STMicroelectronics.X-CUBE-NFC10.1.0.0
2025-10-30 07:13:08,772 [WARN] PackLoader:240 - Cannot read IP mode file for STMicroelectronics.X-CUBE-ST60.1.1.0
2025-10-30 07:13:08,786 [WARN] PackLoader:240 - Cannot read IP mode file for emotas.I-CUBE-CANOPEN.1.3.0
2025-10-30 07:13:08,795 [WARN] PackLoader:240 - Cannot read IP mode file for STMicroelectronics.FP-SNS-STBOX1.2.1.0
2025-10-30 07:13:08,806 [WARN] PackLoader:240 - Cannot read IP mode file for STMicroelectronics.FP-SNS-SMARTAG2.1.2.0
2025-10-30 07:13:08,811 [WARN] PackLoader:240 - Cannot read IP mode file for STMicroelectronics.FP-SNS-FLIGHT1.5.1.0
2025-10-30 07:13:08,823 [INFO] LogOutputStream:77 - [STDOUT_REDIRECT] 1 : Invalid condition id : UX_CORESTACK_Condition cause : null
2025-10-30 07:13:08,823 [INFO] LogOutputStream:77 - [STDOUT_REDIRECT] 1 : Invalid condition id : UX_CORESTACK_Condition cause : null
2025-10-30 07:13:08,831 [INFO] LogOutputStream:77 - [STDOUT_REDIRECT] 1 : Invalid condition id : UX_CORESTACK_Condition cause : null
2025-10-30 07:13:08,831 [INFO] LogOutputStream:77 - [STDOUT_REDIRECT] 1 : Invalid condition id : UX_CORESTACK_Condition cause : null
2025-10-30 07:13:08,835 [INFO] LogOutputStream:77 - [STDOUT_REDIRECT] 1 : Invalid condition id : UX_CORESTACK_Condition cause : null
2025-10-30 07:13:08,837 [WARN] PackLoader:240 - Cannot read IP mode file for STMicroelectronics.X-CUBE-AZRTOS-WL.2.0.0
2025-10-30 07:13:08,842 [WARN] PackLoader:240 - Cannot read IP mode file for STMicroelectronics.FP-SNS-MOTENV1.5.0.0
2025-10-30 07:13:08,847 [INFO] WebApp:169 - Instantiating new browser for Auth
2025-10-30 07:13:08,849 [WARN] PackLoader:240 - Cannot read IP mode file for STMicroelectronics.X-CUBE-BLE2.3.3.0
2025-10-30 07:13:08,865 [WARN] PackLoader:240 - Cannot read IP mode file for STMicroelectronics.X-CUBE-NFC9.1.0.0
2025-10-30 07:13:08,896 [WARN] PackLoader:240 - Cannot read IP mode file for wolfSSL.I-CUBE-wolfSSL.5.8.2
2025-10-30 07:13:08,911 [WARN] PackLoader:240 - Cannot read IP mode file for STMicroelectronics.X-CUBE-BLE1.7.1.0
2025-10-30 07:13:08,927 [WARN] PackLoader:240 - Cannot read IP mode file for wolfSSL.I-CUBE-wolfMQTT.1.19.2
2025-10-30 07:13:08,938 [WARN] PackLoader:240 - Cannot read IP mode file for STMicroelectronics.X-CUBE-EEPRMA1.5.2.0
2025-10-30 07:13:08,954 [WARN] PackLoader:240 - Cannot read IP mode file for STMicroelectronics.X-CUBE-ST67W61.1.1.0
2025-10-30 07:13:08,975 [WARN] PackLoader:240 - Cannot read IP mode file for STMicroelectronics.X-CUBE-AZRTOS-G0.1.1.0
2025-10-30 07:13:08,995 [WARN] PackLoader:240 - Cannot read IP mode file for STMicroelectronics.X-CUBE-SAFEA1.1.2.2
2025-10-30 07:13:09,006 [WARN] PackLoader:240 - Cannot read IP mode file for STMicroelectronics.X-CUBE-NFC4.3.0.0
2025-10-30 07:13:09,026 [WARN] PackLoader:240 - Cannot read IP mode file for EmbeddedOffice.I-CUBE-FS-RTOS.1.0.1
2025-10-30 07:13:09,026 [WARN] PackLoader:240 - Cannot read IP mode file for STMicroelectronics.X-CUBE-WB05N.2.0.0
2025-10-30 07:13:09,044 [WARN] PackLoader:240 - Cannot read IP mode file for wolfSSL.I-CUBE-wolfTPM.3.8.0
2025-10-30 07:13:09,058 [WARN] PackLoader:240 - Cannot read IP mode file for STMicroelectronics.X-CUBE-TCPP.4.2.0
2025-10-30 07:13:09,065 [WARN] PackLoader:240 - Cannot read IP mode file for RealThread.X-CUBE-RT-Thread_Nano.4.1.1
2025-10-30 07:13:09,076 [WARN] PackLoader:240 - Cannot read IP mode file for STMicroelectronics.FP-ATR-SIGFOX1.3.2.0
2025-10-30 07:13:09,079 [WARN] PackLoader:240 - Cannot read IP mode file for ITTIA_DB.I-CUBE-ITTIADB.8.9.0
2025-10-30 07:13:09,097 [WARN] PackLoader:240 - Cannot read IP mode file for STMicroelectronics.X-CUBE-ST67W61.1.0.0
2025-10-30 07:13:09,103 [WARN] PackLoader:240 - Cannot read IP mode file for STMicroelectronics.X-CUBE-AI.10.2.0
2025-10-30 07:13:09,136 [WARN] PackLoader:240 - Cannot read IP mode file for SEGGER.I-CUBE-embOS.1.3.1
2025-10-30 07:13:09,447 [WARN] PackLoader:240 - Cannot read IP mode file for STMicroelectronics.X-CUBE-ALGOBUILD.1.4.0
2025-10-30 07:13:09,490 [WARN] PackLoader:240 - Cannot read IP mode file for STMicroelectronics.X-CUBE-MEMS1.11.3.0
2025-10-30 07:13:09,626 [WARN] PackLoader:240 - Cannot read IP mode file for STMicroelectronics.X-CUBE-PM33A1.1.0.0
2025-10-30 07:13:09,649 [WARN] PackLoader:240 - Cannot read IP mode file for STMicroelectronics.X-CUBE-AZRTOS-F4.1.1.0
2025-10-30 07:13:09,660 [WARN] PackLoader:240 - Cannot read IP mode file for STMicroelectronics.X-CUBE-ISPU.2.1.0
2025-10-30 07:13:09,675 [WARN] PackLoader:240 - Cannot read IP mode file for STMicroelectronics.X-CUBE-IPS.3.2.0
2025-10-30 07:13:09,684 [WARN] PackLoader:240 - Cannot read IP mode file for STMicroelectronics.X-CUBE-NFC12.1.0.0
2025-10-30 07:13:09,699 [WARN] PackLoader:240 - Cannot read IP mode file for STMicroelectronics.X-CUBE-AZRTOS-L5.2.0.0
2025-10-30 07:13:09,713 [WARN] PackLoader:240 - Cannot read IP mode file for STMicroelectronics.X-CUBE-NFC6.3.1.0
2025-10-30 07:13:09,727 [WARN] PackLoader:240 - Cannot read IP mode file for STMicroelectronics.X-CUBE-FREERTOS.1.3.1
2025-10-30 07:13:09,733 [WARN] PackLoader:240 - Cannot read IP mode file for STMicroelectronics.X-CUBE-TOUCHGFX.4.26.0
2025-10-30 07:13:09,742 [WARN] PackLoader:240 - Cannot read IP mode file for STMicroelectronics.FP-SNS-STAIOTCFT.1.0.0
2025-10-30 07:13:09,749 [WARN] PackLoader:240 - Cannot read IP mode file for STMicroelectronics.X-CUBE-DPower.1.3.0
2025-10-30 07:13:09,792 [WARN] ConditionMgr:438 - getConditionDescription Invalid condition id : LAN8742 Phy interface Condition cause : null
2025-10-30 07:13:09,792 [WARN] PackLoader:240 - Cannot read IP mode file for STMicroelectronics.X-CUBE-AZRTOS-L4.2.0.0
2025-10-30 07:13:09,792 [WARN] ConditionMgr:1044 - genDependencies : Invalid condition id : LAN8742 Phy interface Condition cause : null
2025-10-30 07:13:09,792 [WARN] ConditionMgr:1044 - genDependencies : Invalid condition id : LAN8742 Phy interface Condition cause : null
2025-10-30 07:13:09,792 [WARN] ConditionMgr:1044 - genDependencies : Invalid condition id : LAN8742 Phy interface Condition cause : null
2025-10-30 07:13:09,803 [WARN] PackLoader:240 - Cannot read IP mode file for STMicroelectronics.X-CUBE-SFXS2LP1.4.0.0
2025-10-30 07:13:09,818 [WARN] PackLoader:240 - Cannot read IP mode file for STMicroelectronics.X-CUBE-BLEMGR.4.1.0
2025-10-30 07:13:09,834 [WARN] ConditionMgr:438 - getConditionDescription Invalid condition id : UX DEVICE CLASS RTOS Condition cause : null
2025-10-30 07:13:09,834 [WARN] ConditionMgr:438 - getConditionDescription Invalid condition id : UX DEVICE CLASS RTOS Condition cause : null
2025-10-30 07:13:09,836 [WARN] PackLoader:240 - Cannot read IP mode file for STMicroelectronics.X-CUBE-AZRTOS-WB.2.0.0
2025-10-30 07:13:09,836 [WARN] ConditionMgr:1044 - genDependencies : Invalid condition id : UX DEVICE CLASS RTOS Condition cause : null
2025-10-30 07:13:09,836 [WARN] ConditionMgr:1044 - genDependencies : Invalid condition id : UX DEVICE CLASS RTOS Condition cause : null
2025-10-30 07:13:09,836 [WARN] ConditionMgr:1044 - genDependencies : Invalid condition id : UX DEVICE CLASS RTOS Condition cause : null
2025-10-30 07:13:09,836 [WARN] ConditionMgr:1044 - genDependencies : Invalid condition id : UX DEVICE CLASS RTOS Condition cause : null
2025-10-30 07:13:09,836 [WARN] ConditionMgr:1044 - genDependencies : Invalid condition id : UX DEVICE CLASS RTOS Condition cause : null
2025-10-30 07:13:09,842 [WARN] PackLoader:240 - Cannot read IP mode file for STMicroelectronics.X-CUBE-GNSS1.7.0.1
2025-10-30 07:13:09,844 [WARN] ConditionMgr:438 - getConditionDescription Invalid condition id : Cortex-A Device cause : null
2025-10-30 07:13:09,855 [WARN] ConditionMgr:1044 - genDependencies : Invalid condition id : Cortex-A Device cause : null
2025-10-30 07:13:09,855 [WARN] ConditionMgr:1044 - genDependencies : Invalid condition id : Cortex-A Device cause : null
2025-10-30 07:13:09,855 [WARN] ConditionMgr:1044 - genDependencies : Invalid condition id : Cortex-A Device cause : null
2025-10-30 07:13:09,871 [WARN] PackLoader:240 - Cannot read IP mode file for STMicroelectronics.X-CUBE-SUBG2.5.0.0
2025-10-30 07:13:09,893 [WARN] PackLoader:240 - Cannot read IP mode file for STMicroelectronics.X-CUBE-AZRTOS-H7RS.1.1.0
2025-10-30 07:13:09,909 [WARN] PackLoader:240 - Cannot read IP mode file for STMicroelectronics.X-CUBE-AZRTOS-G4.2.0.0
2025-10-30 07:13:09,922 [WARN] PackLoader:240 - Cannot read IP mode file for wolfSSL.I-CUBE-wolfSSH.1.4.20
2025-10-30 07:13:09,930 [WARN] PackLoader:240 - Cannot read IP mode file for STMicroelectronics.X-CUBE-NFC7.2.0.0
2025-10-30 07:13:09,947 [WARN] PackLoader:240 - Cannot read IP mode file for STMicroelectronics.X-CUBE-IPS.3.1.0
2025-10-30 07:13:09,974 [WARN] PackLoader:240 - Cannot read IP mode file for STMicroelectronics.X-CUBE-ALS.1.0.2
2025-10-30 07:13:09,994 [WARN] PackLoader:240 - Cannot read IP mode file for STMicroelectronics.X-CUBE-STSE01.1.0.0
2025-10-30 07:13:10,027 [WARN] PackLoader:240 - Cannot read IP mode file for STMicroelectronics.X-CUBE-TOF1.3.4.3
2025-10-30 07:13:10,037 [INFO] ThirdParty:978 - Integrity check success = true
2025-10-30 07:13:10,037 [INFO] IntegrityCheckThread:100 - exiting critical section [integrity check]
2025-10-30 07:13:10,037 [INFO] IntegrityCheckThread:103 - End integrity checks thread
2025-10-30 07:13:10,152 [INFO] WebApp:463 - Apply proxy settings
2025-10-30 07:13:10,152 [INFO] WebApp:548 - Chromium requires no authentication
2025-10-30 07:13:10,169 [INFO] WebApp:491 - Direct internet connection detected
2025-10-30 07:13:10,193 [INFO] WebApp:900 - Register for checkConnection events
2025-10-30 07:13:10,193 [INFO] WebApp:463 - Apply proxy settings
2025-10-30 07:13:10,193 [INFO] WebApp:548 - Chromium requires no authentication
2025-10-30 07:13:10,194 [INFO] WebApp:491 - Direct internet connection detected
2025-10-30 07:13:10,370 [INFO] WebApp:225 - Starting web application
2025-10-30 07:13:10,370 [INFO] WebApp:593 - Web application path used C:\ST\STM32CubeIDE_1.19.0\STM32CubeIDE\plugins\com.st.stm32cube.common.mx_6.15.0.202507011659\db\plugins\mcufinder\reactClient1\index.html
2025-10-30 07:13:10,587 [INFO] WebApp:191 - Connection restablished
2025-10-30 07:13:10,698 [ERROR] LogOutputStream:75 - [STDERR_REDIRECT] [Fatal Error] :1:1: Premature end of file.
2025-10-30 07:13:10,698 [ERROR] LogOutputStream:75 - [STDERR_REDIRECT] 
2025-10-30 07:13:11,685 [ERROR] LogOutputStream:75 - [STDERR_REDIRECT] [Fatal Error] :1:1: Premature end of file.
2025-10-30 07:13:11,686 [ERROR] LogOutputStream:75 - [STDERR_REDIRECT] 
2025-10-30 07:13:12,645 [ERROR] LogOutputStream:75 - [STDERR_REDIRECT] [Fatal Error] :1:1: Premature end of file.
2025-10-30 07:13:12,646 [ERROR] LogOutputStream:75 - [STDERR_REDIRECT] 
2025-10-30 07:13:13,632 [ERROR] LogOutputStream:75 - [STDERR_REDIRECT] [Fatal Error] :1:1: Premature end of file.
2025-10-30 07:13:13,633 [ERROR] LogOutputStream:75 - [STDERR_REDIRECT] 
2025-10-30 07:13:14,642 [ERROR] LogOutputStream:75 - [STDERR_REDIRECT] [Fatal Error] :1:1: Premature end of file.
2025-10-30 07:13:14,642 [ERROR] LogOutputStream:75 - [STDERR_REDIRECT] 
2025-10-30 07:13:15,633 [ERROR] LogOutputStream:75 - [STDERR_REDIRECT] [Fatal Error] :1:1: Premature end of file.
2025-10-30 07:13:15,633 [ERROR] LogOutputStream:75 - [STDERR_REDIRECT] 
2025-10-30 07:13:16,631 [ERROR] LogOutputStream:75 - [STDERR_REDIRECT] [Fatal Error] :1:1: Premature end of file.
2025-10-30 07:13:16,631 [ERROR] LogOutputStream:75 - [STDERR_REDIRECT] 
2025-10-30 07:13:17,636 [ERROR] LogOutputStream:75 - [STDERR_REDIRECT] [Fatal Error] :1:1: Premature end of file.
2025-10-30 07:13:17,636 [ERROR] LogOutputStream:75 - [STDERR_REDIRECT] 
2025-10-30 07:13:18,668 [ERROR] LogOutputStream:75 - [STDERR_REDIRECT] [Fatal Error] :1:1: Premature end of file.
2025-10-30 07:13:18,669 [ERROR] LogOutputStream:75 - [STDERR_REDIRECT] 
2025-10-30 07:13:19,660 [ERROR] LogOutputStream:75 - [STDERR_REDIRECT] [Fatal Error] :1:1: Premature end of file.
2025-10-30 07:13:19,660 [ERROR] LogOutputStream:75 - [STDERR_REDIRECT] 
2025-10-30 07:13:20,631 [ERROR] LogOutputStream:75 - [STDERR_REDIRECT] [Fatal Error] :1:1: Premature end of file.
2025-10-30 07:13:20,631 [ERROR] LogOutputStream:75 - [STDERR_REDIRECT] 
2025-10-30 07:13:21,671 [ERROR] LogOutputStream:75 - [STDERR_REDIRECT] [Fatal Error] :1:1: Premature end of file.
2025-10-30 07:13:21,672 [ERROR] LogOutputStream:75 - [STDERR_REDIRECT] 
2025-10-30 07:13:22,639 [ERROR] LogOutputStream:75 - [STDERR_REDIRECT] [Fatal Error] :1:1: Premature end of file.
2025-10-30 07:13:22,639 [ERROR] LogOutputStream:75 - [STDERR_REDIRECT] 
2025-10-30 07:13:23,654 [ERROR] LogOutputStream:75 - [STDERR_REDIRECT] [Fatal Error] :1:1: Premature end of file.
2025-10-30 07:13:23,654 [ERROR] LogOutputStream:75 - [STDERR_REDIRECT] 
2025-10-30 07:13:24,650 [ERROR] LogOutputStream:75 - [STDERR_REDIRECT] [Fatal Error] :1:1: Premature end of file.
2025-10-30 07:13:24,650 [ERROR] LogOutputStream:75 - [STDERR_REDIRECT] 
2025-10-30 07:13:25,637 [ERROR] LogOutputStream:75 - [STDERR_REDIRECT] [Fatal Error] :1:1: Premature end of file.
2025-10-30 07:13:25,637 [ERROR] LogOutputStream:75 - [STDERR_REDIRECT] 
2025-10-30 07:13:26,659 [ERROR] LogOutputStream:75 - [STDERR_REDIRECT] [Fatal Error] :1:1: Premature end of file.
2025-10-30 07:13:26,659 [ERROR] LogOutputStream:75 - [STDERR_REDIRECT] 
2025-10-30 07:13:27,655 [ERROR] LogOutputStream:75 - [STDERR_REDIRECT] [Fatal Error] :1:1: Premature end of file.
2025-10-30 07:13:27,655 [ERROR] LogOutputStream:75 - [STDERR_REDIRECT] 
2025-10-30 07:13:28,661 [ERROR] LogOutputStream:75 - [STDERR_REDIRECT] [Fatal Error] :1:1: Premature end of file.
2025-10-30 07:13:28,661 [ERROR] LogOutputStream:75 - [STDERR_REDIRECT] 
2025-10-30 07:13:29,644 [ERROR] LogOutputStream:75 - [STDERR_REDIRECT] [Fatal Error] :1:1: Premature end of file.
2025-10-30 07:13:29,644 [ERROR] LogOutputStream:75 - [STDERR_REDIRECT] 
2025-10-30 07:13:30,674 [ERROR] LogOutputStream:75 - [STDERR_REDIRECT] [Fatal Error] :1:1: Premature end of file.
2025-10-30 07:13:30,674 [ERROR] LogOutputStream:75 - [STDERR_REDIRECT] 
2025-10-30 07:13:31,641 [ERROR] LogOutputStream:75 - [STDERR_REDIRECT] [Fatal Error] :1:1: Premature end of file.
2025-10-30 07:13:31,642 [ERROR] LogOutputStream:75 - [STDERR_REDIRECT] 
2025-10-30 07:13:32,653 [ERROR] LogOutputStream:75 - [STDERR_REDIRECT] [Fatal Error] :1:1: Premature end of file.
2025-10-30 07:13:32,653 [ERROR] LogOutputStream:75 - [STDERR_REDIRECT] 
2025-10-30 07:13:33,644 [ERROR] LogOutputStream:75 - [STDERR_REDIRECT] [Fatal Error] :1:1: Premature end of file.
2025-10-30 07:13:33,644 [ERROR] LogOutputStream:75 - [STDERR_REDIRECT] 
2025-10-30 07:13:34,637 [ERROR] LogOutputStream:75 - [STDERR_REDIRECT] [Fatal Error] :1:1: Premature end of file.
2025-10-30 07:13:34,638 [ERROR] LogOutputStream:75 - [STDERR_REDIRECT] 
2025-10-30 07:13:35,647 [ERROR] LogOutputStream:75 - [STDERR_REDIRECT] [Fatal Error] :1:1: Premature end of file.
2025-10-30 07:13:35,648 [ERROR] LogOutputStream:75 - [STDERR_REDIRECT] 
2025-10-30 07:13:36,627 [ERROR] LogOutputStream:75 - [STDERR_REDIRECT] [Fatal Error] :1:1: Premature end of file.
2025-10-30 07:13:36,627 [ERROR] LogOutputStream:75 - [STDERR_REDIRECT] 
2025-10-30 07:13:37,667 [ERROR] LogOutputStream:75 - [STDERR_REDIRECT] [Fatal Error] :1:1: Premature end of file.
2025-10-30 07:13:37,667 [ERROR] LogOutputStream:75 - [STDERR_REDIRECT] 
2025-10-30 07:13:38,650 [ERROR] LogOutputStream:75 - [STDERR_REDIRECT] [Fatal Error] :1:1: Premature end of file.
2025-10-30 07:13:38,650 [ERROR] LogOutputStream:75 - [STDERR_REDIRECT] 
2025-10-30 07:13:39,629 [ERROR] LogOutputStream:75 - [STDERR_REDIRECT] [Fatal Error] :1:1: Premature end of file.
2025-10-30 07:13:39,629 [ERROR] LogOutputStream:75 - [STDERR_REDIRECT] 
2025-10-30 07:13:40,643 [ERROR] LogOutputStream:75 - [STDERR_REDIRECT] [Fatal Error] :1:1: Premature end of file.
2025-10-30 07:13:40,643 [ERROR] LogOutputStream:75 - [STDERR_REDIRECT] 
2025-10-30 07:13:41,641 [ERROR] LogOutputStream:75 - [STDERR_REDIRECT] [Fatal Error] :1:1: Premature end of file.
2025-10-30 07:13:41,641 [ERROR] LogOutputStream:75 - [STDERR_REDIRECT] 
2025-10-30 07:13:42,663 [ERROR] LogOutputStream:75 - [STDERR_REDIRECT] [Fatal Error] :1:1: Premature end of file.
2025-10-30 07:13:42,664 [ERROR] LogOutputStream:75 - [STDERR_REDIRECT] 
2025-10-30 07:13:43,656 [ERROR] LogOutputStream:75 - [STDERR_REDIRECT] [Fatal Error] :1:1: Premature end of file.
2025-10-30 07:13:43,656 [ERROR] LogOutputStream:75 - [STDERR_REDIRECT] 
2025-10-30 07:13:44,648 [ERROR] LogOutputStream:75 - [STDERR_REDIRECT] [Fatal Error] :1:1: Premature end of file.
2025-10-30 07:13:44,648 [ERROR] LogOutputStream:75 - [STDERR_REDIRECT] 
2025-10-30 07:13:45,644 [ERROR] LogOutputStream:75 - [STDERR_REDIRECT] [Fatal Error] :1:1: Premature end of file.
2025-10-30 07:13:45,645 [ERROR] LogOutputStream:75 - [STDERR_REDIRECT] 
2025-10-30 07:13:46,649 [ERROR] LogOutputStream:75 - [STDERR_REDIRECT] [Fatal Error] :1:1: Premature end of file.
2025-10-30 07:13:46,650 [ERROR] LogOutputStream:75 - [STDERR_REDIRECT] 
2025-10-30 07:13:47,649 [ERROR] LogOutputStream:75 - [STDERR_REDIRECT] [Fatal Error] :1:1: Premature end of file.
2025-10-30 07:13:47,650 [ERROR] LogOutputStream:75 - [STDERR_REDIRECT] 
2025-10-30 07:13:48,641 [ERROR] LogOutputStream:75 - [STDERR_REDIRECT] [Fatal Error] :1:1: Premature end of file.
2025-10-30 07:13:48,641 [ERROR] LogOutputStream:75 - [STDERR_REDIRECT] 
2025-10-30 07:13:49,655 [ERROR] LogOutputStream:75 - [STDERR_REDIRECT] [Fatal Error] :1:1: Premature end of file.
2025-10-30 07:13:49,655 [ERROR] LogOutputStream:75 - [STDERR_REDIRECT] 
2025-10-30 07:13:50,677 [ERROR] LogOutputStream:75 - [STDERR_REDIRECT] [Fatal Error] :1:1: Premature end of file.
2025-10-30 07:13:50,677 [ERROR] LogOutputStream:75 - [STDERR_REDIRECT] 
2025-10-30 07:13:51,641 [ERROR] LogOutputStream:75 - [STDERR_REDIRECT] [Fatal Error] :1:1: Premature end of file.
2025-10-30 07:13:51,641 [ERROR] LogOutputStream:75 - [STDERR_REDIRECT] 
2025-10-30 07:13:52,641 [ERROR] LogOutputStream:75 - [STDERR_REDIRECT] [Fatal Error] :1:1: Premature end of file.
2025-10-30 07:13:52,641 [ERROR] LogOutputStream:75 - [STDERR_REDIRECT] 
2025-10-30 07:13:53,648 [ERROR] LogOutputStream:75 - [STDERR_REDIRECT] [Fatal Error] :1:1: Premature end of file.
2025-10-30 07:13:53,648 [ERROR] LogOutputStream:75 - [STDERR_REDIRECT] 
2025-10-30 07:13:54,655 [ERROR] LogOutputStream:75 - [STDERR_REDIRECT] [Fatal Error] :1:1: Premature end of file.
2025-10-30 07:13:54,655 [ERROR] LogOutputStream:75 - [STDERR_REDIRECT] 
2025-10-30 07:13:55,638 [ERROR] LogOutputStream:75 - [STDERR_REDIRECT] [Fatal Error] :1:1: Premature end of file.
2025-10-30 07:13:55,638 [ERROR] LogOutputStream:75 - [STDERR_REDIRECT] 
2025-10-30 07:13:56,643 [ERROR] LogOutputStream:75 - [STDERR_REDIRECT] [Fatal Error] :1:1: Premature end of file.
2025-10-30 07:13:56,644 [ERROR] LogOutputStream:75 - [STDERR_REDIRECT] 
2025-10-30 07:13:57,639 [ERROR] LogOutputStream:75 - [STDERR_REDIRECT] [Fatal Error] :1:1: Premature end of file.
2025-10-30 07:13:57,639 [ERROR] LogOutputStream:75 - [STDERR_REDIRECT] 
2025-10-30 07:13:58,636 [ERROR] LogOutputStream:75 - [STDERR_REDIRECT] [Fatal Error] :1:1: Premature end of file.
2025-10-30 07:13:58,636 [ERROR] LogOutputStream:75 - [STDERR_REDIRECT] 
2025-10-30 07:13:59,627 [ERROR] LogOutputStream:75 - [STDERR_REDIRECT] [Fatal Error] :1:1: Premature end of file.
2025-10-30 07:13:59,627 [ERROR] LogOutputStream:75 - [STDERR_REDIRECT] 
2025-10-30 07:14:00,633 [ERROR] LogOutputStream:75 - [STDERR_REDIRECT] [Fatal Error] :1:1: Premature end of file.
2025-10-30 07:14:00,633 [ERROR] LogOutputStream:75 - [STDERR_REDIRECT] 
2025-10-30 07:14:01,632 [ERROR] LogOutputStream:75 - [STDERR_REDIRECT] [Fatal Error] :1:1: Premature end of file.
2025-10-30 07:14:01,632 [ERROR] LogOutputStream:75 - [STDERR_REDIRECT] 
2025-10-30 07:14:02,627 [ERROR] LogOutputStream:75 - [STDERR_REDIRECT] [Fatal Error] :1:1: Premature end of file.
2025-10-30 07:14:02,627 [ERROR] LogOutputStream:75 - [STDERR_REDIRECT] 
2025-10-30 07:14:03,668 [ERROR] LogOutputStream:75 - [STDERR_REDIRECT] [Fatal Error] :1:1: Premature end of file.
2025-10-30 07:14:03,669 [ERROR] LogOutputStream:75 - [STDERR_REDIRECT] 
2025-10-30 07:14:04,672 [ERROR] LogOutputStream:75 - [STDERR_REDIRECT] [Fatal Error] :1:1: Premature end of file.
2025-10-30 07:14:04,673 [ERROR] LogOutputStream:75 - [STDERR_REDIRECT] 
2025-10-30 07:14:05,662 [ERROR] LogOutputStream:75 - [STDERR_REDIRECT] [Fatal Error] :1:1: Premature end of file.
2025-10-30 07:14:05,663 [ERROR] LogOutputStream:75 - [STDERR_REDIRECT] 
2025-10-30 07:14:06,633 [ERROR] LogOutputStream:75 - [STDERR_REDIRECT] [Fatal Error] :1:1: Premature end of file.
2025-10-30 07:14:06,634 [ERROR] LogOutputStream:75 - [STDERR_REDIRECT] 
2025-10-30 07:14:07,663 [ERROR] LogOutputStream:75 - [STDERR_REDIRECT] [Fatal Error] :1:1: Premature end of file.
2025-10-30 07:14:07,663 [ERROR] LogOutputStream:75 - [STDERR_REDIRECT] 
2025-10-30 07:14:08,641 [ERROR] LogOutputStream:75 - [STDERR_REDIRECT] [Fatal Error] :1:1: Premature end of file.
2025-10-30 07:14:08,641 [ERROR] LogOutputStream:75 - [STDERR_REDIRECT] 
2025-10-30 07:14:09,670 [ERROR] LogOutputStream:75 - [STDERR_REDIRECT] [Fatal Error] :1:1: Premature end of file.
2025-10-30 07:14:09,670 [ERROR] LogOutputStream:75 - [STDERR_REDIRECT] 
2025-10-30 07:14:10,629 [ERROR] LogOutputStream:75 - [STDERR_REDIRECT] [Fatal Error] :1:1: Premature end of file.
2025-10-30 07:14:10,629 [ERROR] LogOutputStream:75 - [STDERR_REDIRECT] 
2025-10-30 07:14:11,665 [ERROR] LogOutputStream:75 - [STDERR_REDIRECT] [Fatal Error] :1:1: Premature end of file.
2025-10-30 07:14:11,665 [ERROR] LogOutputStream:75 - [STDERR_REDIRECT] 
2025-10-30 07:14:12,652 [ERROR] LogOutputStream:75 - [STDERR_REDIRECT] [Fatal Error] :1:1: Premature end of file.
2025-10-30 07:14:12,652 [ERROR] LogOutputStream:75 - [STDERR_REDIRECT] 
2025-10-30 07:14:13,654 [ERROR] LogOutputStream:75 - [STDERR_REDIRECT] [Fatal Error] :1:1: Premature end of file.
2025-10-30 07:14:13,654 [ERROR] LogOutputStream:75 - [STDERR_REDIRECT] 
2025-10-30 07:14:14,659 [ERROR] LogOutputStream:75 - [STDERR_REDIRECT] [Fatal Error] :1:1: Premature end of file.
2025-10-30 07:14:14,659 [ERROR] LogOutputStream:75 - [STDERR_REDIRECT] 
2025-10-30 07:14:15,644 [ERROR] LogOutputStream:75 - [STDERR_REDIRECT] [Fatal Error] :1:1: Premature end of file.
2025-10-30 07:14:15,644 [ERROR] LogOutputStream:75 - [STDERR_REDIRECT] 
2025-10-30 07:14:16,636 [ERROR] LogOutputStream:75 - [STDERR_REDIRECT] [Fatal Error] :1:1: Premature end of file.
2025-10-30 07:14:16,637 [ERROR] LogOutputStream:75 - [STDERR_REDIRECT] 
2025-10-30 07:14:17,665 [ERROR] LogOutputStream:75 - [STDERR_REDIRECT] [Fatal Error] :1:1: Premature end of file.
2025-10-30 07:14:17,665 [ERROR] LogOutputStream:75 - [STDERR_REDIRECT] 
2025-10-30 07:14:18,640 [ERROR] LogOutputStream:75 - [STDERR_REDIRECT] [Fatal Error] :1:1: Premature end of file.
2025-10-30 07:14:18,640 [ERROR] LogOutputStream:75 - [STDERR_REDIRECT] 
2025-10-30 07:14:19,668 [ERROR] LogOutputStream:75 - [STDERR_REDIRECT] [Fatal Error] :1:1: Premature end of file.
2025-10-30 07:14:19,668 [ERROR] LogOutputStream:75 - [STDERR_REDIRECT] 
2025-10-30 07:14:20,633 [ERROR] LogOutputStream:75 - [STDERR_REDIRECT] [Fatal Error] :1:1: Premature end of file.
2025-10-30 07:14:20,633 [ERROR] LogOutputStream:75 - [STDERR_REDIRECT] 
2025-10-30 07:14:21,645 [ERROR] LogOutputStream:75 - [STDERR_REDIRECT] [Fatal Error] :1:1: Premature end of file.
2025-10-30 07:14:21,645 [ERROR] LogOutputStream:75 - [STDERR_REDIRECT] 
2025-10-30 07:14:22,681 [ERROR] LogOutputStream:75 - [STDERR_REDIRECT] [Fatal Error] :1:1: Premature end of file.
2025-10-30 07:14:22,681 [ERROR] LogOutputStream:75 - [STDERR_REDIRECT] 
2025-10-30 07:14:23,637 [ERROR] LogOutputStream:75 - [STDERR_REDIRECT] [Fatal Error] :1:1: Premature end of file.
2025-10-30 07:14:23,638 [ERROR] LogOutputStream:75 - [STDERR_REDIRECT] 
2025-10-30 07:14:24,670 [ERROR] LogOutputStream:75 - [STDERR_REDIRECT] [Fatal Error] :1:1: Premature end of file.
2025-10-30 07:14:24,670 [ERROR] LogOutputStream:75 - [STDERR_REDIRECT] 
2025-10-30 07:14:25,644 [ERROR] LogOutputStream:75 - [STDERR_REDIRECT] [Fatal Error] :1:1: Premature end of file.
2025-10-30 07:14:25,644 [ERROR] LogOutputStream:75 - [STDERR_REDIRECT] 
2025-10-30 07:14:26,644 [ERROR] LogOutputStream:75 - [STDERR_REDIRECT] [Fatal Error] :1:1: Premature end of file.
2025-10-30 07:14:26,645 [ERROR] LogOutputStream:75 - [STDERR_REDIRECT] 
2025-10-30 07:14:27,655 [ERROR] LogOutputStream:75 - [STDERR_REDIRECT] [Fatal Error] :1:1: Premature end of file.
2025-10-30 07:14:27,655 [ERROR] LogOutputStream:75 - [STDERR_REDIRECT] 
2025-10-30 07:14:28,645 [ERROR] LogOutputStream:75 - [STDERR_REDIRECT] [Fatal Error] :1:1: Premature end of file.
2025-10-30 07:14:28,645 [ERROR] LogOutputStream:75 - [STDERR_REDIRECT] 
2025-10-30 07:14:29,639 [ERROR] LogOutputStream:75 - [STDERR_REDIRECT] [Fatal Error] :1:1: Premature end of file.
2025-10-30 07:14:29,639 [ERROR] LogOutputStream:75 - [STDERR_REDIRECT] 
2025-10-30 07:14:30,639 [ERROR] LogOutputStream:75 - [STDERR_REDIRECT] [Fatal Error] :1:1: Premature end of file.
2025-10-30 07:14:30,639 [ERROR] LogOutputStream:75 - [STDERR_REDIRECT] 
2025-10-30 07:14:31,640 [ERROR] LogOutputStream:75 - [STDERR_REDIRECT] [Fatal Error] :1:1: Premature end of file.
2025-10-30 07:14:31,640 [ERROR] LogOutputStream:75 - [STDERR_REDIRECT] 
2025-10-30 07:14:32,643 [ERROR] LogOutputStream:75 - [STDERR_REDIRECT] [Fatal Error] :1:1: Premature end of file.
2025-10-30 07:14:32,643 [ERROR] LogOutputStream:75 - [STDERR_REDIRECT] 
2025-10-30 07:14:33,643 [ERROR] LogOutputStream:75 - [STDERR_REDIRECT] [Fatal Error] :1:1: Premature end of file.
2025-10-30 07:14:33,644 [ERROR] LogOutputStream:75 - [STDERR_REDIRECT] 
2025-10-30 07:14:34,639 [ERROR] LogOutputStream:75 - [STDERR_REDIRECT] [Fatal Error] :1:1: Premature end of file.
2025-10-30 07:14:34,640 [ERROR] LogOutputStream:75 - [STDERR_REDIRECT] 
2025-10-30 07:14:35,646 [ERROR] LogOutputStream:75 - [STDERR_REDIRECT] [Fatal Error] :1:1: Premature end of file.
2025-10-30 07:14:35,646 [ERROR] LogOutputStream:75 - [STDERR_REDIRECT] 
2025-10-30 07:14:36,634 [ERROR] LogOutputStream:75 - [STDERR_REDIRECT] [Fatal Error] :1:1: Premature end of file.
2025-10-30 07:14:36,634 [ERROR] LogOutputStream:75 - [STDERR_REDIRECT] 
2025-10-30 07:14:37,636 [ERROR] LogOutputStream:75 - [STDERR_REDIRECT] [Fatal Error] :1:1: Premature end of file.
2025-10-30 07:14:37,637 [ERROR] LogOutputStream:75 - [STDERR_REDIRECT] 
2025-10-30 07:14:38,641 [ERROR] LogOutputStream:75 - [STDERR_REDIRECT] [Fatal Error] :1:1: Premature end of file.
2025-10-30 07:14:38,641 [ERROR] LogOutputStream:75 - [STDERR_REDIRECT] 
2025-10-30 07:14:39,681 [ERROR] LogOutputStream:75 - [STDERR_REDIRECT] [Fatal Error] :1:1: Premature end of file.
2025-10-30 07:14:39,682 [ERROR] LogOutputStream:75 - [STDERR_REDIRECT] 
2025-10-30 07:14:40,640 [ERROR] LogOutputStream:75 - [STDERR_REDIRECT] [Fatal Error] :1:1: Premature end of file.
2025-10-30 07:14:40,640 [ERROR] LogOutputStream:75 - [STDERR_REDIRECT] 
2025-10-30 07:14:41,638 [ERROR] LogOutputStream:75 - [STDERR_REDIRECT] [Fatal Error] :1:1: Premature end of file.
2025-10-30 07:14:41,640 [ERROR] LogOutputStream:75 - [STDERR_REDIRECT] 
2025-10-30 07:14:42,638 [ERROR] LogOutputStream:75 - [STDERR_REDIRECT] [Fatal Error] :1:1: Premature end of file.
2025-10-30 07:14:42,638 [ERROR] LogOutputStream:75 - [STDERR_REDIRECT] 
2025-10-30 07:14:43,643 [ERROR] LogOutputStream:75 - [STDERR_REDIRECT] [Fatal Error] :1:1: Premature end of file.
2025-10-30 07:14:43,644 [ERROR] LogOutputStream:75 - [STDERR_REDIRECT] 
2025-10-30 07:14:44,640 [ERROR] LogOutputStream:75 - [STDERR_REDIRECT] [Fatal Error] :1:1: Premature end of file.
2025-10-30 07:14:44,640 [ERROR] LogOutputStream:75 - [STDERR_REDIRECT] 
2025-10-30 07:14:45,623 [ERROR] LogOutputStream:75 - [STDERR_REDIRECT] [Fatal Error] :1:1: Premature end of file.
2025-10-30 07:14:45,623 [ERROR] LogOutputStream:75 - [STDERR_REDIRECT] 
2025-10-30 07:14:46,640 [ERROR] LogOutputStream:75 - [STDERR_REDIRECT] [Fatal Error] :1:1: Premature end of file.
2025-10-30 07:14:46,640 [ERROR] LogOutputStream:75 - [STDERR_REDIRECT] 
2025-10-30 07:14:47,705 [ERROR] LogOutputStream:75 - [STDERR_REDIRECT] [Fatal Error] :1:1: Premature end of file.
2025-10-30 07:14:47,706 [ERROR] LogOutputStream:75 - [STDERR_REDIRECT] 
2025-10-30 07:14:48,655 [ERROR] LogOutputStream:75 - [STDERR_REDIRECT] [Fatal Error] :1:1: Premature end of file.
2025-10-30 07:14:48,655 [ERROR] LogOutputStream:75 - [STDERR_REDIRECT] 
2025-10-30 07:14:49,673 [ERROR] LogOutputStream:75 - [STDERR_REDIRECT] [Fatal Error] :1:1: Premature end of file.
2025-10-30 07:14:49,673 [ERROR] LogOutputStream:75 - [STDERR_REDIRECT] 
2025-10-30 07:14:50,670 [ERROR] LogOutputStream:75 - [STDERR_REDIRECT] [Fatal Error] :1:1: Premature end of file.
2025-10-30 07:14:50,670 [ERROR] LogOutputStream:75 - [STDERR_REDIRECT] 
2025-10-30 07:14:51,673 [ERROR] LogOutputStream:75 - [STDERR_REDIRECT] [Fatal Error] :1:1: Premature end of file.
2025-10-30 07:14:51,673 [ERROR] LogOutputStream:75 - [STDERR_REDIRECT] 
2025-10-30 07:14:52,646 [ERROR] LogOutputStream:75 - [STDERR_REDIRECT] [Fatal Error] :1:1: Premature end of file.
2025-10-30 07:14:52,646 [ERROR] LogOutputStream:75 - [STDERR_REDIRECT] 
2025-10-30 07:14:53,669 [ERROR] LogOutputStream:75 - [STDERR_REDIRECT] [Fatal Error] :1:1: Premature end of file.
2025-10-30 07:14:53,669 [ERROR] LogOutputStream:75 - [STDERR_REDIRECT] 
2025-10-30 07:14:54,639 [ERROR] LogOutputStream:75 - [STDERR_REDIRECT] [Fatal Error] :1:1: Premature end of file.
2025-10-30 07:14:54,639 [ERROR] LogOutputStream:75 - [STDERR_REDIRECT] 
2025-10-30 07:14:55,663 [ERROR] LogOutputStream:75 - [STDERR_REDIRECT] [Fatal Error] :1:1: Premature end of file.
2025-10-30 07:14:55,663 [ERROR] LogOutputStream:75 - [STDERR_REDIRECT] 
2025-10-30 07:14:56,633 [ERROR] LogOutputStream:75 - [STDERR_REDIRECT] [Fatal Error] :1:1: Premature end of file.
2025-10-30 07:14:56,633 [ERROR] LogOutputStream:75 - [STDERR_REDIRECT] 
2025-10-30 07:14:57,647 [ERROR] LogOutputStream:75 - [STDERR_REDIRECT] [Fatal Error] :1:1: Premature end of file.
2025-10-30 07:14:57,647 [ERROR] LogOutputStream:75 - [STDERR_REDIRECT] 
2025-10-30 07:14:58,637 [ERROR] LogOutputStream:75 - [STDERR_REDIRECT] [Fatal Error] :1:1: Premature end of file.
2025-10-30 07:14:58,638 [ERROR] LogOutputStream:75 - [STDERR_REDIRECT] 
2025-10-30 07:14:59,638 [ERROR] LogOutputStream:75 - [STDERR_REDIRECT] [Fatal Error] :1:1: Premature end of file.
2025-10-30 07:14:59,638 [ERROR] LogOutputStream:75 - [STDERR_REDIRECT] 
2025-10-30 07:15:00,638 [ERROR] LogOutputStream:75 - [STDERR_REDIRECT] [Fatal Error] :1:1: Premature end of file.
2025-10-30 07:15:00,639 [ERROR] LogOutputStream:75 - [STDERR_REDIRECT] 
2025-10-30 07:15:01,923 [ERROR] LogOutputStream:75 - [STDERR_REDIRECT] [Fatal Error] :1:1: Premature end of file.
2025-10-30 07:15:01,923 [ERROR] LogOutputStream:75 - [STDERR_REDIRECT] 
2025-10-30 07:15:02,636 [ERROR] LogOutputStream:75 - [STDERR_REDIRECT] [Fatal Error] :1:1: Premature end of file.
2025-10-30 07:15:02,636 [ERROR] LogOutputStream:75 - [STDERR_REDIRECT] 
2025-10-30 07:15:03,633 [ERROR] LogOutputStream:75 - [STDERR_REDIRECT] [Fatal Error] :1:1: Premature end of file.
2025-10-30 07:15:03,633 [ERROR] LogOutputStream:75 - [STDERR_REDIRECT] 
2025-10-30 07:15:04,637 [ERROR] LogOutputStream:75 - [STDERR_REDIRECT] [Fatal Error] :1:1: Premature end of file.
2025-10-30 07:15:04,637 [ERROR] LogOutputStream:75 - [STDERR_REDIRECT] 
2025-10-30 07:15:05,632 [ERROR] LogOutputStream:75 - [STDERR_REDIRECT] [Fatal Error] :1:1: Premature end of file.
2025-10-30 07:15:05,632 [ERROR] LogOutputStream:75 - [STDERR_REDIRECT] 
2025-10-30 07:15:06,649 [ERROR] LogOutputStream:75 - [STDERR_REDIRECT] [Fatal Error] :1:1: Premature end of file.
2025-10-30 07:15:06,649 [ERROR] LogOutputStream:75 - [STDERR_REDIRECT] 
2025-10-30 07:15:07,625 [ERROR] LogOutputStream:75 - [STDERR_REDIRECT] [Fatal Error] :1:1: Premature end of file.
2025-10-30 07:15:07,625 [ERROR] LogOutputStream:75 - [STDERR_REDIRECT] 
2025-10-30 07:15:08,639 [ERROR] LogOutputStream:75 - [STDERR_REDIRECT] [Fatal Error] :1:1: Premature end of file.
2025-10-30 07:15:08,639 [ERROR] LogOutputStream:75 - [STDERR_REDIRECT] 
2025-10-30 07:15:09,656 [ERROR] LogOutputStream:75 - [STDERR_REDIRECT] [Fatal Error] :1:1: Premature end of file.
2025-10-30 07:15:09,656 [ERROR] LogOutputStream:75 - [STDERR_REDIRECT] 
2025-10-30 07:15:10,674 [ERROR] LogOutputStream:75 - [STDERR_REDIRECT] [Fatal Error] :1:1: Premature end of file.
2025-10-30 07:15:10,674 [ERROR] LogOutputStream:75 - [STDERR_REDIRECT] 
2025-10-30 07:15:11,633 [ERROR] LogOutputStream:75 - [STDERR_REDIRECT] [Fatal Error] :1:1: Premature end of file.
2025-10-30 07:15:11,633 [ERROR] LogOutputStream:75 - [STDERR_REDIRECT] 
2025-10-30 07:15:12,683 [ERROR] LogOutputStream:75 - [STDERR_REDIRECT] [Fatal Error] :1:1: Premature end of file.
2025-10-30 07:15:12,683 [ERROR] LogOutputStream:75 - [STDERR_REDIRECT] 
2025-10-30 07:15:13,646 [ERROR] LogOutputStream:75 - [STDERR_REDIRECT] [Fatal Error] :1:1: Premature end of file.
2025-10-30 07:15:13,646 [ERROR] LogOutputStream:75 - [STDERR_REDIRECT] 
2025-10-30 07:15:14,645 [ERROR] LogOutputStream:75 - [STDERR_REDIRECT] [Fatal Error] :1:1: Premature end of file.
2025-10-30 07:15:14,645 [ERROR] LogOutputStream:75 - [STDERR_REDIRECT] 
2025-10-30 07:15:15,647 [ERROR] LogOutputStream:75 - [STDERR_REDIRECT] [Fatal Error] :1:1: Premature end of file.
2025-10-30 07:15:15,647 [ERROR] LogOutputStream:75 - [STDERR_REDIRECT] 
2025-10-30 07:15:16,640 [ERROR] LogOutputStream:75 - [STDERR_REDIRECT] [Fatal Error] :1:1: Premature end of file.
2025-10-30 07:15:16,640 [ERROR] LogOutputStream:75 - [STDERR_REDIRECT] 
2025-10-30 07:15:17,656 [ERROR] LogOutputStream:75 - [STDERR_REDIRECT] [Fatal Error] :1:1: Premature end of file.
2025-10-30 07:15:17,656 [ERROR] LogOutputStream:75 - [STDERR_REDIRECT] 
2025-10-30 07:15:18,681 [ERROR] LogOutputStream:75 - [STDERR_REDIRECT] [Fatal Error] :1:1: Premature end of file.
2025-10-30 07:15:18,681 [ERROR] LogOutputStream:75 - [STDERR_REDIRECT] 
2025-10-30 07:15:19,640 [ERROR] LogOutputStream:75 - [STDERR_REDIRECT] [Fatal Error] :1:1: Premature end of file.
2025-10-30 07:15:19,640 [ERROR] LogOutputStream:75 - [STDERR_REDIRECT] 
2025-10-30 07:15:20,662 [ERROR] LogOutputStream:75 - [STDERR_REDIRECT] [Fatal Error] :1:1: Premature end of file.
2025-10-30 07:15:20,662 [ERROR] LogOutputStream:75 - [STDERR_REDIRECT] 
2025-10-30 07:15:21,634 [ERROR] LogOutputStream:75 - [STDERR_REDIRECT] [Fatal Error] :1:1: Premature end of file.
2025-10-30 07:15:21,634 [ERROR] LogOutputStream:75 - [STDERR_REDIRECT] 
2025-10-30 07:15:22,658 [ERROR] LogOutputStream:75 - [STDERR_REDIRECT] [Fatal Error] :1:1: Premature end of file.
2025-10-30 07:15:22,658 [ERROR] LogOutputStream:75 - [STDERR_REDIRECT] 
2025-10-30 07:15:23,655 [ERROR] LogOutputStream:75 - [STDERR_REDIRECT] [Fatal Error] :1:1: Premature end of file.
2025-10-30 07:15:23,655 [ERROR] LogOutputStream:75 - [STDERR_REDIRECT] 
2025-10-30 07:15:24,632 [ERROR] LogOutputStream:75 - [STDERR_REDIRECT] [Fatal Error] :1:1: Premature end of file.
2025-10-30 07:15:24,632 [ERROR] LogOutputStream:75 - [STDERR_REDIRECT] 
2025-10-30 07:15:25,644 [ERROR] LogOutputStream:75 - [STDERR_REDIRECT] [Fatal Error] :1:1: Premature end of file.
2025-10-30 07:15:25,644 [ERROR] LogOutputStream:75 - [STDERR_REDIRECT] 
2025-10-30 07:15:26,653 [ERROR] LogOutputStream:75 - [STDERR_REDIRECT] [Fatal Error] :1:1: Premature end of file.
2025-10-30 07:15:26,653 [ERROR] LogOutputStream:75 - [STDERR_REDIRECT] 
2025-10-30 07:15:27,642 [ERROR] LogOutputStream:75 - [STDERR_REDIRECT] [Fatal Error] :1:1: Premature end of file.
2025-10-30 07:15:27,643 [ERROR] LogOutputStream:75 - [STDERR_REDIRECT] 
2025-10-30 07:15:28,646 [ERROR] LogOutputStream:75 - [STDERR_REDIRECT] [Fatal Error] :1:1: Premature end of file.
2025-10-30 07:15:28,646 [ERROR] LogOutputStream:75 - [STDERR_REDIRECT] 
2025-10-30 07:15:29,632 [ERROR] LogOutputStream:75 - [STDERR_REDIRECT] [Fatal Error] :1:1: Premature end of file.
2025-10-30 07:15:29,632 [ERROR] LogOutputStream:75 - [STDERR_REDIRECT] 
2025-10-30 07:15:30,651 [ERROR] LogOutputStream:75 - [STDERR_REDIRECT] [Fatal Error] :1:1: Premature end of file.
2025-10-30 07:15:30,651 [ERROR] LogOutputStream:75 - [STDERR_REDIRECT] 
2025-10-30 07:15:31,647 [ERROR] LogOutputStream:75 - [STDERR_REDIRECT] [Fatal Error] :1:1: Premature end of file.
2025-10-30 07:15:31,647 [ERROR] LogOutputStream:75 - [STDERR_REDIRECT] 
2025-10-30 07:15:32,645 [ERROR] LogOutputStream:75 - [STDERR_REDIRECT] [Fatal Error] :1:1: Premature end of file.
2025-10-30 07:15:32,645 [ERROR] LogOutputStream:75 - [STDERR_REDIRECT] 
2025-10-30 07:15:33,640 [ERROR] LogOutputStream:75 - [STDERR_REDIRECT] [Fatal Error] :1:1: Premature end of file.
2025-10-30 07:15:33,640 [ERROR] LogOutputStream:75 - [STDERR_REDIRECT] 
2025-10-30 07:15:34,655 [ERROR] LogOutputStream:75 - [STDERR_REDIRECT] [Fatal Error] :1:1: Premature end of file.
2025-10-30 07:15:34,655 [ERROR] LogOutputStream:75 - [STDERR_REDIRECT] 
2025-10-30 07:15:35,670 [ERROR] LogOutputStream:75 - [STDERR_REDIRECT] [Fatal Error] :1:1: Premature end of file.
2025-10-30 07:15:35,670 [ERROR] LogOutputStream:75 - [STDERR_REDIRECT] 
2025-10-30 07:15:36,657 [ERROR] LogOutputStream:75 - [STDERR_REDIRECT] [Fatal Error] :1:1: Premature end of file.
2025-10-30 07:15:36,657 [ERROR] LogOutputStream:75 - [STDERR_REDIRECT] 
